2026-03-31 13:55:30 error: [Cake\Datasource\Exception\RecordNotFoundException] Record not found in table `requests`. in /home/live/cakephp/entregablefinal/app_ef/vendor/cakephp/cakephp/src/ORM/Query/SelectQuery.php on line 607
Stack Trace:
- CORE/src/ORM/Table.php:1572
- ROOT/vendor/cakephp/debug_kit/src/Controller/RequestsController.php:60
- CORE/src/Controller/Controller.php:503
- CORE/src/Controller/ControllerFactory.php:166
- CORE/src/Controller/ControllerFactory.php:141
- CORE/src/Http/BaseApplication.php:362
- CORE/src/Http/Runner.php:86
- CORE/src/Http/Middleware/CsrfProtectionMiddleware.php:169
- CORE/src/Http/Runner.php:82
- CORE/src/Http/Middleware/BodyParserMiddleware.php:157
- CORE/src/Http/Runner.php:82
- CORE/src/Routing/Middleware/RoutingMiddleware.php:118
- CORE/src/Http/Runner.php:82
- CORE/src/Routing/Middleware/AssetMiddleware.php:71
- CORE/src/Http/Runner.php:82
- CORE/src/Error/Middleware/ErrorHandlerMiddleware.php:115
- CORE/src/Http/Runner.php:82
- ROOT/vendor/cakephp/debug_kit/src/Middleware/DebugKitMiddleware.php:60
- CORE/src/Http/Runner.php:82
- CORE/src/Http/Runner.php:60
- CORE/src/Http/Server.php:98
- ROOT/webroot/index.php:37
- [main]:

Request URL: /debug-kit/toolbar/110efd25-bd92-4658-994b-ef2e55b1bfe3
Referer URL: http://localhost:8765/
Client IP: 127.0.0.1
2026-03-31 14:04:30 error: [Cake\Http\Exception\InvalidCsrfTokenException] Missing or invalid CSRF cookie. in /home/live/cakephp/entregablefinal/app_ef/vendor/cakephp/cakephp/src/Http/Middleware/CsrfProtectionMiddleware.php on line 358
Stack Trace:
- CORE/src/Http/Middleware/CsrfProtectionMiddleware.php:165
- CORE/src/Http/Runner.php:82
- CORE/src/Http/Middleware/BodyParserMiddleware.php:162
- CORE/src/Http/Runner.php:82
- CORE/src/Routing/Middleware/RoutingMiddleware.php:118
- CORE/src/Http/Runner.php:82
- CORE/src/Routing/Middleware/AssetMiddleware.php:71
- CORE/src/Http/Runner.php:82
- CORE/src/Error/Middleware/ErrorHandlerMiddleware.php:115
- CORE/src/Http/Runner.php:82
- ROOT/vendor/cakephp/debug_kit/src/Middleware/DebugKitMiddleware.php:60
- CORE/src/Http/Runner.php:82
- CORE/src/Http/Runner.php:60
- CORE/src/Http/Server.php:98
- ROOT/webroot/index.php:37
- [main]:

Request URL: /users/add
Referer URL: http://172.25.0.204:8765/users/add
Client IP: 172.25.0.204
2026-03-31 14:04:46 error: [Cake\Http\Exception\InvalidCsrfTokenException] CSRF token from either the request body or request headers did not match or is missing. in /home/live/cakephp/entregablefinal/app_ef/vendor/cakephp/cakephp/src/Http/Middleware/CsrfProtectionMiddleware.php on line 381
Stack Trace:
- CORE/src/Http/Middleware/CsrfProtectionMiddleware.php:165
- CORE/src/Http/Runner.php:82
- CORE/src/Http/Middleware/BodyParserMiddleware.php:162
- CORE/src/Http/Runner.php:82
- CORE/src/Routing/Middleware/RoutingMiddleware.php:118
- CORE/src/Http/Runner.php:82
- CORE/src/Routing/Middleware/AssetMiddleware.php:71
- CORE/src/Http/Runner.php:82
- CORE/src/Error/Middleware/ErrorHandlerMiddleware.php:115
- CORE/src/Http/Runner.php:82
- ROOT/vendor/cakephp/debug_kit/src/Middleware/DebugKitMiddleware.php:60
- CORE/src/Http/Runner.php:82
- CORE/src/Http/Runner.php:60
- CORE/src/Http/Server.php:98
- ROOT/webroot/index.php:37
- [main]:

Request URL: /users/add
Referer URL: http://172.25.0.204:8765/users/add
Client IP: 172.25.0.204
2026-03-31 14:04:58 error: [Cake\Http\Exception\InvalidCsrfTokenException] CSRF token from either the request body or request headers did not match or is missing. in /home/live/cakephp/entregablefinal/app_ef/vendor/cakephp/cakephp/src/Http/Middleware/CsrfProtectionMiddleware.php on line 381
Stack Trace:
- CORE/src/Http/Middleware/CsrfProtectionMiddleware.php:165
- CORE/src/Http/Runner.php:82
- CORE/src/Http/Middleware/BodyParserMiddleware.php:162
- CORE/src/Http/Runner.php:82
- CORE/src/Routing/Middleware/RoutingMiddleware.php:118
- CORE/src/Http/Runner.php:82
- CORE/src/Routing/Middleware/AssetMiddleware.php:71
- CORE/src/Http/Runner.php:82
- CORE/src/Error/Middleware/ErrorHandlerMiddleware.php:115
- CORE/src/Http/Runner.php:82
- ROOT/vendor/cakephp/debug_kit/src/Middleware/DebugKitMiddleware.php:60
- CORE/src/Http/Runner.php:82
- CORE/src/Http/Runner.php:60
- CORE/src/Http/Server.php:98
- ROOT/webroot/index.php:37
- [main]:

Request URL: /users/add
Referer URL: http://172.25.0.204:8765/users/add
Client IP: 172.25.0.204
2026-03-31 14:15:15 error: [Cake\Controller\Exception\MissingActionException] Action `UsersController::display()` could not be found, or is not accessible. in /home/live/cakephp/entregablefinal/app_ef/vendor/cakephp/cakephp/src/Controller/Controller.php on line 483
Exception Attributes: array (
  'controller' => 'UsersController',
  'action' => 'display',
  'prefix' => NULL,
  'plugin' => NULL,
)
Stack Trace:
- CORE/src/Controller/ControllerFactory.php:161
- CORE/src/Controller/ControllerFactory.php:141
- CORE/src/Http/BaseApplication.php:362
- CORE/src/Http/Runner.php:86
- CORE/src/Http/Middleware/CsrfProtectionMiddleware.php:169
- CORE/src/Http/Runner.php:82
- CORE/src/Http/Middleware/BodyParserMiddleware.php:157
- CORE/src/Http/Runner.php:82
- CORE/src/Routing/Middleware/RoutingMiddleware.php:118
- CORE/src/Http/Runner.php:82
- CORE/src/Routing/Middleware/AssetMiddleware.php:71
- CORE/src/Http/Runner.php:82
- CORE/src/Error/Middleware/ErrorHandlerMiddleware.php:115
- CORE/src/Http/Runner.php:82
- ROOT/vendor/cakephp/debug_kit/src/Middleware/DebugKitMiddleware.php:60
- CORE/src/Http/Runner.php:82
- CORE/src/Http/Runner.php:60
- CORE/src/Http/Server.php:98
- ROOT/webroot/index.php:37
- [main]:

Request URL: /
Client IP: 172.25.0.204
2026-03-31 14:15:20 error: [Cake\Controller\Exception\MissingActionException] Action `UsersController::display()` could not be found, or is not accessible. in /home/live/cakephp/entregablefinal/app_ef/vendor/cakephp/cakephp/src/Controller/Controller.php on line 483
Exception Attributes: array (
  'controller' => 'UsersController',
  'action' => 'display',
  'prefix' => NULL,
  'plugin' => NULL,
)
Stack Trace:
- CORE/src/Controller/ControllerFactory.php:161
- CORE/src/Controller/ControllerFactory.php:141
- CORE/src/Http/BaseApplication.php:362
- CORE/src/Http/Runner.php:86
- CORE/src/Http/Middleware/CsrfProtectionMiddleware.php:169
- CORE/src/Http/Runner.php:82
- CORE/src/Http/Middleware/BodyParserMiddleware.php:157
- CORE/src/Http/Runner.php:82
- CORE/src/Routing/Middleware/RoutingMiddleware.php:118
- CORE/src/Http/Runner.php:82
- CORE/src/Routing/Middleware/AssetMiddleware.php:71
- CORE/src/Http/Runner.php:82
- CORE/src/Error/Middleware/ErrorHandlerMiddleware.php:115
- CORE/src/Http/Runner.php:82
- ROOT/vendor/cakephp/debug_kit/src/Middleware/DebugKitMiddleware.php:60
- CORE/src/Http/Runner.php:82
- CORE/src/Http/Runner.php:60
- CORE/src/Http/Server.php:98
- ROOT/webroot/index.php:37
- [main]:

Request URL: /
Client IP: 172.25.0.204
2026-04-01 13:06:01 error: [TypeError] Authentication\Middleware\AuthenticationMiddleware::__construct(): Argument #1 ($subject) must be of type Authentication\AuthenticationServiceInterface|Authentication\AuthenticationServiceProviderInterface, App\Application given, called in /home/live/cakephp/entregablefinal/app_ef/src/Application.php on line 45 in /home/live/cakephp/entregablefinal/app_ef/vendor/cakephp/authentication/src/Middleware/AuthenticationMiddleware.php on line 60
Stack Trace:
- APP/Application.php:45
- CORE/src/Http/Server.php:91
- ROOT/webroot/index.php:37
- [main]:

2026-04-01 13:06:16 error: [TypeError] Authentication\Middleware\AuthenticationMiddleware::__construct(): Argument #1 ($subject) must be of type Authentication\AuthenticationServiceInterface|Authentication\AuthenticationServiceProviderInterface, App\Application given, called in /home/live/cakephp/entregablefinal/app_ef/src/Application.php on line 45 in /home/live/cakephp/entregablefinal/app_ef/vendor/cakephp/authentication/src/Middleware/AuthenticationMiddleware.php on line 60
Stack Trace:
- APP/Application.php:45
- CORE/src/Http/Server.php:91
- ROOT/webroot/index.php:37
- [main]:

2026-04-01 13:10:48 error: [Error] Call to undefined method Authentication\AuthenticationService::loadIdentifier() in /home/live/cakephp/entregablefinal/app_ef/src/Application.php on line 76
Stack Trace:
- ROOT/vendor/cakephp/authentication/src/Middleware/AuthenticationMiddleware.php:136
- ROOT/vendor/cakephp/authentication/src/Middleware/AuthenticationMiddleware.php:77
- CORE/src/Http/Runner.php:82
- CORE/src/Routing/Middleware/RoutingMiddleware.php:118
- CORE/src/Http/Runner.php:82
- CORE/src/Routing/Middleware/AssetMiddleware.php:71
- CORE/src/Http/Runner.php:82
- CORE/src/Error/Middleware/ErrorHandlerMiddleware.php:115
- CORE/src/Http/Runner.php:82
- ROOT/vendor/cakephp/debug_kit/src/Middleware/DebugKitMiddleware.php:60
- CORE/src/Http/Runner.php:82
- CORE/src/Http/Runner.php:60
- CORE/src/Http/Server.php:98
- ROOT/webroot/index.php:37
- [main]:

Request URL: /
2026-04-01 13:10:49 error: [Error] Call to undefined method Authentication\AuthenticationService::loadIdentifier() in /home/live/cakephp/entregablefinal/app_ef/src/Application.php on line 76
Stack Trace:
- ROOT/vendor/cakephp/authentication/src/Middleware/AuthenticationMiddleware.php:136
- ROOT/vendor/cakephp/authentication/src/Middleware/AuthenticationMiddleware.php:77
- CORE/src/Http/Runner.php:82
- CORE/src/Routing/Middleware/RoutingMiddleware.php:118
- CORE/src/Http/Runner.php:82
- CORE/src/Routing/Middleware/AssetMiddleware.php:71
- CORE/src/Http/Runner.php:82
- CORE/src/Error/Middleware/ErrorHandlerMiddleware.php:115
- CORE/src/Http/Runner.php:82
- ROOT/vendor/cakephp/debug_kit/src/Middleware/DebugKitMiddleware.php:60
- CORE/src/Http/Runner.php:82
- CORE/src/Http/Runner.php:60
- CORE/src/Http/Server.php:98
- ROOT/webroot/index.php:37
- [main]:

Request URL: /debug-kit/toolbar/896c2cbe-c49d-446c-ab98-597d0550d987
Referer URL: http://localhost:8765/
2026-04-01 13:10:52 error: [Error] Call to undefined method Authentication\AuthenticationService::loadIdentifier() in /home/live/cakephp/entregablefinal/app_ef/src/Application.php on line 76
Stack Trace:
- ROOT/vendor/cakephp/authentication/src/Middleware/AuthenticationMiddleware.php:136
- ROOT/vendor/cakephp/authentication/src/Middleware/AuthenticationMiddleware.php:77
- CORE/src/Http/Runner.php:82
- CORE/src/Routing/Middleware/RoutingMiddleware.php:118
- CORE/src/Http/Runner.php:82
- CORE/src/Routing/Middleware/AssetMiddleware.php:71
- CORE/src/Http/Runner.php:82
- CORE/src/Error/Middleware/ErrorHandlerMiddleware.php:115
- CORE/src/Http/Runner.php:82
- ROOT/vendor/cakephp/debug_kit/src/Middleware/DebugKitMiddleware.php:60
- CORE/src/Http/Runner.php:82
- CORE/src/Http/Runner.php:60
- CORE/src/Http/Server.php:98
- ROOT/webroot/index.php:37
- [main]:

Request URL: /
2026-04-01 13:10:52 error: [Error] Call to undefined method Authentication\AuthenticationService::loadIdentifier() in /home/live/cakephp/entregablefinal/app_ef/src/Application.php on line 76
Stack Trace:
- ROOT/vendor/cakephp/authentication/src/Middleware/AuthenticationMiddleware.php:136
- ROOT/vendor/cakephp/authentication/src/Middleware/AuthenticationMiddleware.php:77
- CORE/src/Http/Runner.php:82
- CORE/src/Routing/Middleware/RoutingMiddleware.php:118
- CORE/src/Http/Runner.php:82
- CORE/src/Routing/Middleware/AssetMiddleware.php:71
- CORE/src/Http/Runner.php:82
- CORE/src/Error/Middleware/ErrorHandlerMiddleware.php:115
- CORE/src/Http/Runner.php:82
- ROOT/vendor/cakephp/debug_kit/src/Middleware/DebugKitMiddleware.php:60
- CORE/src/Http/Runner.php:82
- CORE/src/Http/Runner.php:60
- CORE/src/Http/Server.php:98
- ROOT/webroot/index.php:37
- [main]:

Request URL: /debug-kit/toolbar/943018a9-d046-44e6-a6a1-55fa7f3463b8
Referer URL: http://localhost:8765/
2026-04-01 13:11:57 error: [Error] Call to undefined method Authentication\AuthenticationService::loadIdentifier() in /home/live/cakephp/entregablefinal/app_ef/src/Application.php on line 76
Stack Trace:
- ROOT/vendor/cakephp/authentication/src/Middleware/AuthenticationMiddleware.php:136
- ROOT/vendor/cakephp/authentication/src/Middleware/AuthenticationMiddleware.php:77
- CORE/src/Http/Runner.php:82
- CORE/src/Routing/Middleware/RoutingMiddleware.php:118
- CORE/src/Http/Runner.php:82
- CORE/src/Routing/Middleware/AssetMiddleware.php:71
- CORE/src/Http/Runner.php:82
- CORE/src/Error/Middleware/ErrorHandlerMiddleware.php:115
- CORE/src/Http/Runner.php:82
- ROOT/vendor/cakephp/debug_kit/src/Middleware/DebugKitMiddleware.php:60
- CORE/src/Http/Runner.php:82
- CORE/src/Http/Runner.php:60
- CORE/src/Http/Server.php:98
- ROOT/webroot/index.php:37
- [main]:

Request URL: /
2026-04-01 13:11:58 error: [Error] Call to undefined method Authentication\AuthenticationService::loadIdentifier() in /home/live/cakephp/entregablefinal/app_ef/src/Application.php on line 76
Stack Trace:
- ROOT/vendor/cakephp/authentication/src/Middleware/AuthenticationMiddleware.php:136
- ROOT/vendor/cakephp/authentication/src/Middleware/AuthenticationMiddleware.php:77
- CORE/src/Http/Runner.php:82
- CORE/src/Routing/Middleware/RoutingMiddleware.php:118
- CORE/src/Http/Runner.php:82
- CORE/src/Routing/Middleware/AssetMiddleware.php:71
- CORE/src/Http/Runner.php:82
- CORE/src/Error/Middleware/ErrorHandlerMiddleware.php:115
- CORE/src/Http/Runner.php:82
- ROOT/vendor/cakephp/debug_kit/src/Middleware/DebugKitMiddleware.php:60
- CORE/src/Http/Runner.php:82
- CORE/src/Http/Runner.php:60
- CORE/src/Http/Server.php:98
- ROOT/webroot/index.php:37
- [main]:

Request URL: /debug-kit/toolbar/bf8f2d45-f68b-4e79-a8c7-d40a8d13d74c
Referer URL: http://localhost:8765/
2026-04-01 13:12:26 error: [Cake\Database\Exception\MissingConnectionException] Connection to Mysql could not be established: SQLSTATE[HY000] [2002] Connection refused in /home/live/cakephp/entregablefinal/app_ef/vendor/cakephp/cakephp/src/Database/Driver.php on line 203
Exception Attributes: array (
  'driver' => 'Mysql',
  'reason' => 'SQLSTATE[HY000] [2002] Connection refused',
)
Stack Trace:
- CORE/src/Database/Driver/Mysql.php:161
- CORE/src/Database/Schema/SchemaDialect.php:60
- CORE/src/Database/Driver/Mysql.php:207
- CORE/src/Database/Schema/Collection.php:97
- CORE/src/Database/Schema/Collection.php:87
- CORE/src/Database/Schema/CachedCollection.php:107
- CORE/src/ORM/Table.php:524
- CORE/src/ORM/Query/CommonQueryTrait.php:48
- CORE/src/ORM/Query/SelectQuery.php:209
- CORE/src/ORM/Query/QueryFactory.php:34
- CORE/src/ORM/Table.php:1747
- CORE/src/ORM/Table.php:1277
- APP/Controller/UsersController.php:20
- CORE/src/Controller/Controller.php:503
- CORE/src/Controller/ControllerFactory.php:166
- CORE/src/Controller/ControllerFactory.php:141
- CORE/src/Http/BaseApplication.php:362
- CORE/src/Http/Runner.php:86
- CORE/src/Http/Middleware/CsrfProtectionMiddleware.php:159
- CORE/src/Http/Runner.php:82
- CORE/src/Http/Middleware/BodyParserMiddleware.php:157
- CORE/src/Http/Runner.php:82
- ROOT/vendor/cakephp/authentication/src/Middleware/AuthenticationMiddleware.php:106
- CORE/src/Http/Runner.php:82
- CORE/src/Routing/Middleware/RoutingMiddleware.php:118
- CORE/src/Http/Runner.php:82
- CORE/src/Routing/Middleware/AssetMiddleware.php:71
- CORE/src/Http/Runner.php:82
- CORE/src/Error/Middleware/ErrorHandlerMiddleware.php:115
- CORE/src/Http/Runner.php:82
- ROOT/vendor/cakephp/debug_kit/src/Middleware/DebugKitMiddleware.php:60
- CORE/src/Http/Runner.php:82
- CORE/src/Http/Runner.php:60
- CORE/src/Http/Server.php:98
- ROOT/webroot/index.php:37
- [main]:

Caused by: [PDOException] SQLSTATE[HY000] [2002] Connection refused in /home/live/cakephp/entregablefinal/app_ef/vendor/cakephp/cakephp/src/Database/Driver.php on line 192
Stack Trace:
- CORE/src/Database/Driver.php:192
- CORE/src/Core/Retry/CommandRetry.php:71
- CORE/src/Database/Driver.php:201
- CORE/src/Database/Driver/Mysql.php:161
- CORE/src/Database/Schema/SchemaDialect.php:60
- CORE/src/Database/Driver/Mysql.php:207
- CORE/src/Database/Schema/Collection.php:97
- CORE/src/Database/Schema/Collection.php:87
- CORE/src/Database/Schema/CachedCollection.php:107
- CORE/src/ORM/Table.php:524
- CORE/src/ORM/Query/CommonQueryTrait.php:48
- CORE/src/ORM/Query/SelectQuery.php:209
- CORE/src/ORM/Query/QueryFactory.php:34
- CORE/src/ORM/Table.php:1747
- CORE/src/ORM/Table.php:1277
- APP/Controller/UsersController.php:20
- CORE/src/Controller/Controller.php:503
- CORE/src/Controller/ControllerFactory.php:166
- CORE/src/Controller/ControllerFactory.php:141
- CORE/src/Http/BaseApplication.php:362
- CORE/src/Http/Runner.php:86
- CORE/src/Http/Middleware/CsrfProtectionMiddleware.php:159
- CORE/src/Http/Runner.php:82
- CORE/src/Http/Middleware/BodyParserMiddleware.php:157
- CORE/src/Http/Runner.php:82
- ROOT/vendor/cakephp/authentication/src/Middleware/AuthenticationMiddleware.php:106
- CORE/src/Http/Runner.php:82
- CORE/src/Routing/Middleware/RoutingMiddleware.php:118
- CORE/src/Http/Runner.php:82
- CORE/src/Routing/Middleware/AssetMiddleware.php:71
- CORE/src/Http/Runner.php:82
- CORE/src/Error/Middleware/ErrorHandlerMiddleware.php:115
- CORE/src/Http/Runner.php:82
- ROOT/vendor/cakephp/debug_kit/src/Middleware/DebugKitMiddleware.php:60
- CORE/src/Http/Runner.php:82
- CORE/src/Http/Runner.php:60
- CORE/src/Http/Server.php:98
- ROOT/webroot/index.php:37
- [main]:

Request URL: /
2026-04-01 13:12:42 error: [Cake\Database\Exception\MissingConnectionException] Connection to Mysql could not be established: SQLSTATE[HY000] [2002] Connection refused in /home/live/cakephp/entregablefinal/app_ef/vendor/cakephp/cakephp/src/Database/Driver.php on line 203
Exception Attributes: array (
  'driver' => 'Mysql',
  'reason' => 'SQLSTATE[HY000] [2002] Connection refused',
)
Stack Trace:
- CORE/src/Database/Driver/Mysql.php:161
- CORE/src/Database/Schema/SchemaDialect.php:60
- CORE/src/Database/Driver/Mysql.php:207
- CORE/src/Database/Schema/Collection.php:97
- CORE/src/Database/Schema/Collection.php:87
- CORE/src/Database/Schema/CachedCollection.php:107
- CORE/src/ORM/Table.php:524
- CORE/src/ORM/Query/CommonQueryTrait.php:48
- CORE/src/ORM/Query/SelectQuery.php:209
- CORE/src/ORM/Query/QueryFactory.php:34
- CORE/src/ORM/Table.php:1747
- CORE/src/ORM/Table.php:1277
- APP/Controller/UsersController.php:20
- CORE/src/Controller/Controller.php:503
- CORE/src/Controller/ControllerFactory.php:166
- CORE/src/Controller/ControllerFactory.php:141
- CORE/src/Http/BaseApplication.php:362
- CORE/src/Http/Runner.php:86
- CORE/src/Http/Middleware/CsrfProtectionMiddleware.php:169
- CORE/src/Http/Runner.php:82
- CORE/src/Http/Middleware/BodyParserMiddleware.php:157
- CORE/src/Http/Runner.php:82
- ROOT/vendor/cakephp/authentication/src/Middleware/AuthenticationMiddleware.php:106
- CORE/src/Http/Runner.php:82
- CORE/src/Routing/Middleware/RoutingMiddleware.php:118
- CORE/src/Http/Runner.php:82
- CORE/src/Routing/Middleware/AssetMiddleware.php:71
- CORE/src/Http/Runner.php:82
- CORE/src/Error/Middleware/ErrorHandlerMiddleware.php:115
- CORE/src/Http/Runner.php:82
- ROOT/vendor/cakephp/debug_kit/src/Middleware/DebugKitMiddleware.php:60
- CORE/src/Http/Runner.php:82
- CORE/src/Http/Runner.php:60
- CORE/src/Http/Server.php:98
- ROOT/webroot/index.php:37
- [main]:

Caused by: [PDOException] SQLSTATE[HY000] [2002] Connection refused in /home/live/cakephp/entregablefinal/app_ef/vendor/cakephp/cakephp/src/Database/Driver.php on line 192
Stack Trace:
- CORE/src/Database/Driver.php:192
- CORE/src/Core/Retry/CommandRetry.php:71
- CORE/src/Database/Driver.php:201
- CORE/src/Database/Driver/Mysql.php:161
- CORE/src/Database/Schema/SchemaDialect.php:60
- CORE/src/Database/Driver/Mysql.php:207
- CORE/src/Database/Schema/Collection.php:97
- CORE/src/Database/Schema/Collection.php:87
- CORE/src/Database/Schema/CachedCollection.php:107
- CORE/src/ORM/Table.php:524
- CORE/src/ORM/Query/CommonQueryTrait.php:48
- CORE/src/ORM/Query/SelectQuery.php:209
- CORE/src/ORM/Query/QueryFactory.php:34
- CORE/src/ORM/Table.php:1747
- CORE/src/ORM/Table.php:1277
- APP/Controller/UsersController.php:20
- CORE/src/Controller/Controller.php:503
- CORE/src/Controller/ControllerFactory.php:166
- CORE/src/Controller/ControllerFactory.php:141
- CORE/src/Http/BaseApplication.php:362
- CORE/src/Http/Runner.php:86
- CORE/src/Http/Middleware/CsrfProtectionMiddleware.php:169
- CORE/src/Http/Runner.php:82
- CORE/src/Http/Middleware/BodyParserMiddleware.php:157
- CORE/src/Http/Runner.php:82
- ROOT/vendor/cakephp/authentication/src/Middleware/AuthenticationMiddleware.php:106
- CORE/src/Http/Runner.php:82
- CORE/src/Routing/Middleware/RoutingMiddleware.php:118
- CORE/src/Http/Runner.php:82
- CORE/src/Routing/Middleware/AssetMiddleware.php:71
- CORE/src/Http/Runner.php:82
- CORE/src/Error/Middleware/ErrorHandlerMiddleware.php:115
- CORE/src/Http/Runner.php:82
- ROOT/vendor/cakephp/debug_kit/src/Middleware/DebugKitMiddleware.php:60
- CORE/src/Http/Runner.php:82
- CORE/src/Http/Runner.php:60
- CORE/src/Http/Server.php:98
- ROOT/webroot/index.php:37
- [main]:

Request URL: /
2026-04-01 13:17:59 error: [Cake\Controller\Exception\MissingActionException] Action `UsersController::login()` could not be found, or is not accessible. in /home/live/cakephp/entregablefinal/app_ef/vendor/cakephp/cakephp/src/Controller/Controller.php on line 483
Exception Attributes: array (
  'controller' => 'UsersController',
  'action' => 'login',
  'prefix' => NULL,
  'plugin' => NULL,
)
Stack Trace:
- CORE/src/Controller/ControllerFactory.php:161
- CORE/src/Controller/ControllerFactory.php:141
- CORE/src/Http/BaseApplication.php:362
- CORE/src/Http/Runner.php:86
- CORE/src/Http/Middleware/CsrfProtectionMiddleware.php:169
- CORE/src/Http/Runner.php:82
- CORE/src/Http/Middleware/BodyParserMiddleware.php:157
- CORE/src/Http/Runner.php:82
- ROOT/vendor/cakephp/authentication/src/Middleware/AuthenticationMiddleware.php:106
- CORE/src/Http/Runner.php:82
- CORE/src/Routing/Middleware/RoutingMiddleware.php:118
- CORE/src/Http/Runner.php:82
- CORE/src/Routing/Middleware/AssetMiddleware.php:71
- CORE/src/Http/Runner.php:82
- CORE/src/Error/Middleware/ErrorHandlerMiddleware.php:115
- CORE/src/Http/Runner.php:82
- ROOT/vendor/cakephp/debug_kit/src/Middleware/DebugKitMiddleware.php:60
- CORE/src/Http/Runner.php:82
- CORE/src/Http/Runner.php:60
- CORE/src/Http/Server.php:98
- ROOT/webroot/index.php:37
- [main]:

Request URL: /
2026-04-01 13:19:44 error: [Cake\Error\FatalErrorException] Fatal Error: Trait "App\Controller\Cake\Event\EventInterface" not found in /home/live/cakephp/entregablefinal/app_ef/src/Controller/UsersController.php on line 11
Stack Trace:
- CORE/src/Error/ExceptionTrap.php:279
- [internal]:??
- [main]:

Request URL: /
2026-04-01 13:20:49 error: [Error] Call to a member function addUnauthenticatedActions() on null in /home/live/cakephp/entregablefinal/app_ef/src/Controller/UsersController.php on line 20
Stack Trace:
- CORE/src/Event/EventManager.php:332
- CORE/src/Event/EventManager.php:316
- CORE/src/Event/EventDispatcherTrait.php:92
- CORE/src/Controller/Controller.php:602
- CORE/src/Controller/ControllerFactory.php:156
- CORE/src/Controller/ControllerFactory.php:141
- CORE/src/Http/BaseApplication.php:362
- CORE/src/Http/Runner.php:86
- CORE/src/Http/Middleware/CsrfProtectionMiddleware.php:169
- CORE/src/Http/Runner.php:82
- CORE/src/Http/Middleware/BodyParserMiddleware.php:157
- CORE/src/Http/Runner.php:82
- ROOT/vendor/cakephp/authentication/src/Middleware/AuthenticationMiddleware.php:106
- CORE/src/Http/Runner.php:82
- CORE/src/Routing/Middleware/RoutingMiddleware.php:118
- CORE/src/Http/Runner.php:82
- CORE/src/Routing/Middleware/AssetMiddleware.php:71
- CORE/src/Http/Runner.php:82
- CORE/src/Error/Middleware/ErrorHandlerMiddleware.php:115
- CORE/src/Http/Runner.php:82
- ROOT/vendor/cakephp/debug_kit/src/Middleware/DebugKitMiddleware.php:60
- CORE/src/Http/Runner.php:82
- CORE/src/Http/Runner.php:60
- CORE/src/Http/Server.php:98
- ROOT/webroot/index.php:37
- [main]:

Request URL: /
2026-04-01 13:20:50 warning: Unable to emit headers. Headers sent in file=/home/live/cakephp/entregablefinal/app_ef/vendor/cakephp/cakephp/src/Error/Renderer/HtmlErrorRenderer.php line=37 in /home/live/cakephp/entregablefinal/app_ef/vendor/cakephp/cakephp/src/Http/ResponseEmitter.php on line 65
Trace:
Cake\Error\ErrorTrap->handleError() [internal], line ??
/home/live/cakephp/entregablefinal/app_ef/vendor/cakephp/cakephp/src/Http/ResponseEmitter.php /home/live/cakephp/entregablefinal/app_ef/vendor/cakephp/cakephp/src/Http/ResponseEmitter.php, line 65
Cake\Http\ResponseEmitter->emit() /home/live/cakephp/entregablefinal/app_ef/vendor/cakephp/cakephp/src/Http/Server.php, line 142
Cake\Http\Server->emit() /home/live/cakephp/entregablefinal/app_ef/webroot/index.php, line 37
[main]

Request URL: /
2026-04-01 13:20:50 warning: Cannot modify header information - headers already sent by (output started at /home/live/cakephp/entregablefinal/app_ef/vendor/cakephp/cakephp/src/Error/Renderer/HtmlErrorRenderer.php:37) in /home/live/cakephp/entregablefinal/app_ef/vendor/cakephp/cakephp/src/Http/ResponseEmitter.php on line 158
Trace:
Cake\Error\ErrorTrap->handleError() [internal], line ??
/home/live/cakephp/entregablefinal/app_ef/vendor/cakephp/cakephp/src/Http/ResponseEmitter.php /home/live/cakephp/entregablefinal/app_ef/vendor/cakephp/cakephp/src/Http/ResponseEmitter.php, line 158
Cake\Http\ResponseEmitter->emitStatusLine() /home/live/cakephp/entregablefinal/app_ef/vendor/cakephp/cakephp/src/Http/ResponseEmitter.php, line 68
Cake\Http\ResponseEmitter->emit() /home/live/cakephp/entregablefinal/app_ef/vendor/cakephp/cakephp/src/Http/Server.php, line 142
Cake\Http\Server->emit() /home/live/cakephp/entregablefinal/app_ef/webroot/index.php, line 37
[main]

Request URL: /
2026-04-01 13:20:50 warning: Cannot modify header information - headers already sent by (output started at /home/live/cakephp/entregablefinal/app_ef/vendor/cakephp/cakephp/src/Error/Renderer/HtmlErrorRenderer.php:37) in /home/live/cakephp/entregablefinal/app_ef/vendor/cakephp/cakephp/src/Http/ResponseEmitter.php on line 191
Trace:
Cake\Error\ErrorTrap->handleError() [internal], line ??
/home/live/cakephp/entregablefinal/app_ef/vendor/cakephp/cakephp/src/Http/ResponseEmitter.php /home/live/cakephp/entregablefinal/app_ef/vendor/cakephp/cakephp/src/Http/ResponseEmitter.php, line 191
Cake\Http\ResponseEmitter->emitHeaders() /home/live/cakephp/entregablefinal/app_ef/vendor/cakephp/cakephp/src/Http/ResponseEmitter.php, line 69
Cake\Http\ResponseEmitter->emit() /home/live/cakephp/entregablefinal/app_ef/vendor/cakephp/cakephp/src/Http/Server.php, line 142
Cake\Http\Server->emit() /home/live/cakephp/entregablefinal/app_ef/webroot/index.php, line 37
[main]

Request URL: /
2026-04-01 13:20:50 warning: Cannot modify header information - headers already sent by (output started at /home/live/cakephp/entregablefinal/app_ef/vendor/cakephp/cakephp/src/Error/Renderer/HtmlErrorRenderer.php:37) in /home/live/cakephp/entregablefinal/app_ef/vendor/cakephp/cakephp/src/Http/ResponseEmitter.php on line 191
Trace:
Cake\Error\ErrorTrap->handleError() [internal], line ??
/home/live/cakephp/entregablefinal/app_ef/vendor/cakephp/cakephp/src/Http/ResponseEmitter.php /home/live/cakephp/entregablefinal/app_ef/vendor/cakephp/cakephp/src/Http/ResponseEmitter.php, line 191
Cake\Http\ResponseEmitter->emitHeaders() /home/live/cakephp/entregablefinal/app_ef/vendor/cakephp/cakephp/src/Http/ResponseEmitter.php, line 69
Cake\Http\ResponseEmitter->emit() /home/live/cakephp/entregablefinal/app_ef/vendor/cakephp/cakephp/src/Http/Server.php, line 142
Cake\Http\Server->emit() /home/live/cakephp/entregablefinal/app_ef/webroot/index.php, line 37
[main]

Request URL: /
2026-04-01 13:20:52 error: [Error] Call to a member function addUnauthenticatedActions() on null in /home/live/cakephp/entregablefinal/app_ef/src/Controller/UsersController.php on line 20
Stack Trace:
- CORE/src/Event/EventManager.php:332
- CORE/src/Event/EventManager.php:316
- CORE/src/Event/EventDispatcherTrait.php:92
- CORE/src/Controller/Controller.php:602
- CORE/src/Controller/ControllerFactory.php:156
- CORE/src/Controller/ControllerFactory.php:141
- CORE/src/Http/BaseApplication.php:362
- CORE/src/Http/Runner.php:86
- CORE/src/Http/Middleware/CsrfProtectionMiddleware.php:169
- CORE/src/Http/Runner.php:82
- CORE/src/Http/Middleware/BodyParserMiddleware.php:157
- CORE/src/Http/Runner.php:82
- ROOT/vendor/cakephp/authentication/src/Middleware/AuthenticationMiddleware.php:106
- CORE/src/Http/Runner.php:82
- CORE/src/Routing/Middleware/RoutingMiddleware.php:118
- CORE/src/Http/Runner.php:82
- CORE/src/Routing/Middleware/AssetMiddleware.php:71
- CORE/src/Http/Runner.php:82
- CORE/src/Error/Middleware/ErrorHandlerMiddleware.php:115
- CORE/src/Http/Runner.php:82
- ROOT/vendor/cakephp/debug_kit/src/Middleware/DebugKitMiddleware.php:60
- CORE/src/Http/Runner.php:82
- CORE/src/Http/Runner.php:60
- CORE/src/Http/Server.php:98
- ROOT/webroot/index.php:37
- [main]:

Request URL: /
2026-04-01 13:20:52 warning: Unable to emit headers. Headers sent in file=/home/live/cakephp/entregablefinal/app_ef/vendor/cakephp/cakephp/src/Error/Renderer/HtmlErrorRenderer.php line=37 in /home/live/cakephp/entregablefinal/app_ef/vendor/cakephp/cakephp/src/Http/ResponseEmitter.php on line 65
Trace:
Cake\Error\ErrorTrap->handleError() [internal], line ??
/home/live/cakephp/entregablefinal/app_ef/vendor/cakephp/cakephp/src/Http/ResponseEmitter.php /home/live/cakephp/entregablefinal/app_ef/vendor/cakephp/cakephp/src/Http/ResponseEmitter.php, line 65
Cake\Http\ResponseEmitter->emit() /home/live/cakephp/entregablefinal/app_ef/vendor/cakephp/cakephp/src/Http/Server.php, line 142
Cake\Http\Server->emit() /home/live/cakephp/entregablefinal/app_ef/webroot/index.php, line 37
[main]

Request URL: /
2026-04-01 13:20:52 warning: Cannot modify header information - headers already sent by (output started at /home/live/cakephp/entregablefinal/app_ef/vendor/cakephp/cakephp/src/Error/Renderer/HtmlErrorRenderer.php:37) in /home/live/cakephp/entregablefinal/app_ef/vendor/cakephp/cakephp/src/Http/ResponseEmitter.php on line 158
Trace:
Cake\Error\ErrorTrap->handleError() [internal], line ??
/home/live/cakephp/entregablefinal/app_ef/vendor/cakephp/cakephp/src/Http/ResponseEmitter.php /home/live/cakephp/entregablefinal/app_ef/vendor/cakephp/cakephp/src/Http/ResponseEmitter.php, line 158
Cake\Http\ResponseEmitter->emitStatusLine() /home/live/cakephp/entregablefinal/app_ef/vendor/cakephp/cakephp/src/Http/ResponseEmitter.php, line 68
Cake\Http\ResponseEmitter->emit() /home/live/cakephp/entregablefinal/app_ef/vendor/cakephp/cakephp/src/Http/Server.php, line 142
Cake\Http\Server->emit() /home/live/cakephp/entregablefinal/app_ef/webroot/index.php, line 37
[main]

Request URL: /
2026-04-01 13:20:52 warning: Cannot modify header information - headers already sent by (output started at /home/live/cakephp/entregablefinal/app_ef/vendor/cakephp/cakephp/src/Error/Renderer/HtmlErrorRenderer.php:37) in /home/live/cakephp/entregablefinal/app_ef/vendor/cakephp/cakephp/src/Http/ResponseEmitter.php on line 191
Trace:
Cake\Error\ErrorTrap->handleError() [internal], line ??
/home/live/cakephp/entregablefinal/app_ef/vendor/cakephp/cakephp/src/Http/ResponseEmitter.php /home/live/cakephp/entregablefinal/app_ef/vendor/cakephp/cakephp/src/Http/ResponseEmitter.php, line 191
Cake\Http\ResponseEmitter->emitHeaders() /home/live/cakephp/entregablefinal/app_ef/vendor/cakephp/cakephp/src/Http/ResponseEmitter.php, line 69
Cake\Http\ResponseEmitter->emit() /home/live/cakephp/entregablefinal/app_ef/vendor/cakephp/cakephp/src/Http/Server.php, line 142
Cake\Http\Server->emit() /home/live/cakephp/entregablefinal/app_ef/webroot/index.php, line 37
[main]

Request URL: /
2026-04-01 13:20:52 warning: Cannot modify header information - headers already sent by (output started at /home/live/cakephp/entregablefinal/app_ef/vendor/cakephp/cakephp/src/Error/Renderer/HtmlErrorRenderer.php:37) in /home/live/cakephp/entregablefinal/app_ef/vendor/cakephp/cakephp/src/Http/ResponseEmitter.php on line 191
Trace:
Cake\Error\ErrorTrap->handleError() [internal], line ??
/home/live/cakephp/entregablefinal/app_ef/vendor/cakephp/cakephp/src/Http/ResponseEmitter.php /home/live/cakephp/entregablefinal/app_ef/vendor/cakephp/cakephp/src/Http/ResponseEmitter.php, line 191
Cake\Http\ResponseEmitter->emitHeaders() /home/live/cakephp/entregablefinal/app_ef/vendor/cakephp/cakephp/src/Http/ResponseEmitter.php, line 69
Cake\Http\ResponseEmitter->emit() /home/live/cakephp/entregablefinal/app_ef/vendor/cakephp/cakephp/src/Http/Server.php, line 142
Cake\Http\Server->emit() /home/live/cakephp/entregablefinal/app_ef/webroot/index.php, line 37
[main]

Request URL: /
2026-04-01 13:28:10 error: [Cake\Error\FatalErrorException] Fatal Error: Trait "App\Model\Entity\Cake\Auth\DefaultPasswordHasher" not found in /home/live/cakephp/entregablefinal/app_ef/src/Model/Entity/User.php on line 20
Stack Trace:
- CORE/src/Error/ExceptionTrap.php:279
- [internal]:??
- [main]:

Request URL: /
Referer URL: http://localhost:8765/
2026-04-01 13:32:00 error: [Authentication\Authenticator\UnauthenticatedException] Authentication is required to continue in /home/live/cakephp/entregablefinal/app_ef/vendor/cakephp/authentication/src/Controller/Component/AuthenticationComponent.php on line 189
Stack Trace:
- ROOT/vendor/cakephp/authentication/src/Controller/Component/AuthenticationComponent.php:132
- CORE/src/Event/EventManager.php:332
- CORE/src/Event/EventManager.php:316
- CORE/src/Event/EventDispatcherTrait.php:92
- CORE/src/Controller/Controller.php:607
- CORE/src/Controller/ControllerFactory.php:156
- CORE/src/Controller/ControllerFactory.php:141
- CORE/src/Http/BaseApplication.php:362
- CORE/src/Http/Runner.php:86
- CORE/src/Http/Middleware/CsrfProtectionMiddleware.php:169
- CORE/src/Http/Runner.php:82
- CORE/src/Http/Middleware/BodyParserMiddleware.php:157
- CORE/src/Http/Runner.php:82
- ROOT/vendor/cakephp/authentication/src/Middleware/AuthenticationMiddleware.php:106
- CORE/src/Http/Runner.php:82
- CORE/src/Routing/Middleware/RoutingMiddleware.php:118
- CORE/src/Http/Runner.php:82
- CORE/src/Routing/Middleware/AssetMiddleware.php:71
- CORE/src/Http/Runner.php:82
- CORE/src/Error/Middleware/ErrorHandlerMiddleware.php:115
- CORE/src/Http/Runner.php:82
- ROOT/vendor/cakephp/debug_kit/src/Middleware/DebugKitMiddleware.php:60
- CORE/src/Http/Runner.php:82
- CORE/src/Http/Runner.php:60
- CORE/src/Http/Server.php:98
- ROOT/webroot/index.php:37
- [main]:

Request URL: /users/add
2026-04-01 14:05:52 error: [Error] Class "Cake\Auth\DefaultPasswordHasher" not found in /home/live/cakephp/entregablefinal/app_ef/src/Model/Entity/User.php on line 15
Stack Trace:
- CORE/src/Datasource/EntityTrait.php:325
- CORE/src/ORM/Marshaller.php:628
- CORE/src/ORM/Table.php:3076
- APP/Controller/UsersController.php:65
- CORE/src/Controller/Controller.php:503
- CORE/src/Controller/ControllerFactory.php:166
- CORE/src/Controller/ControllerFactory.php:141
- CORE/src/Http/BaseApplication.php:362
- CORE/src/Http/Runner.php:86
- CORE/src/Http/Middleware/CsrfProtectionMiddleware.php:169
- CORE/src/Http/Runner.php:82
- CORE/src/Http/Middleware/BodyParserMiddleware.php:162
- CORE/src/Http/Runner.php:82
- ROOT/vendor/cakephp/authentication/src/Middleware/AuthenticationMiddleware.php:106
- CORE/src/Http/Runner.php:82
- CORE/src/Routing/Middleware/RoutingMiddleware.php:118
- CORE/src/Http/Runner.php:82
- CORE/src/Routing/Middleware/AssetMiddleware.php:71
- CORE/src/Http/Runner.php:82
- CORE/src/Error/Middleware/ErrorHandlerMiddleware.php:115
- CORE/src/Http/Runner.php:82
- ROOT/vendor/cakephp/debug_kit/src/Middleware/DebugKitMiddleware.php:60
- CORE/src/Http/Runner.php:82
- CORE/src/Http/Runner.php:60
- CORE/src/Http/Server.php:98
- ROOT/webroot/index.php:37
- [main]:

Request URL: /users/add
Referer URL: http://localhost:8765/users/add
2026-04-01 14:09:48 error: [Cake\Http\Exception\MissingControllerException] Controller class `User` could not be found. in /home/live/cakephp/entregablefinal/app_ef/vendor/cakephp/cakephp/src/Controller/ControllerFactory.php on line 335
Exception Attributes: array (
  'controller' => 'User',
  'plugin' => NULL,
  'prefix' => NULL,
  '_ext' => NULL,
)
Stack Trace:
- CORE/src/Controller/ControllerFactory.php:77
- CORE/src/Http/BaseApplication.php:360
- CORE/src/Http/Runner.php:86
- CORE/src/Http/Middleware/CsrfProtectionMiddleware.php:169
- CORE/src/Http/Runner.php:82
- CORE/src/Http/Middleware/BodyParserMiddleware.php:157
- CORE/src/Http/Runner.php:82
- ROOT/vendor/cakephp/authentication/src/Middleware/AuthenticationMiddleware.php:106
- CORE/src/Http/Runner.php:82
- CORE/src/Routing/Middleware/RoutingMiddleware.php:118
- CORE/src/Http/Runner.php:82
- CORE/src/Routing/Middleware/AssetMiddleware.php:71
- CORE/src/Http/Runner.php:82
- CORE/src/Error/Middleware/ErrorHandlerMiddleware.php:115
- CORE/src/Http/Runner.php:82
- ROOT/vendor/cakephp/debug_kit/src/Middleware/DebugKitMiddleware.php:60
- CORE/src/Http/Runner.php:82
- CORE/src/Http/Runner.php:60
- CORE/src/Http/Server.php:98
- ROOT/webroot/index.php:37
- [main]:

Request URL: /user
Client IP: 172.25.0.215
2026-04-01 14:09:54 error: [Authentication\Authenticator\UnauthenticatedException] Authentication is required to continue in /home/live/cakephp/entregablefinal/app_ef/vendor/cakephp/authentication/src/Controller/Component/AuthenticationComponent.php on line 189
Stack Trace:
- ROOT/vendor/cakephp/authentication/src/Controller/Component/AuthenticationComponent.php:132
- CORE/src/Event/EventManager.php:332
- CORE/src/Event/EventManager.php:316
- CORE/src/Event/EventDispatcherTrait.php:92
- CORE/src/Controller/Controller.php:607
- CORE/src/Controller/ControllerFactory.php:156
- CORE/src/Controller/ControllerFactory.php:141
- CORE/src/Http/BaseApplication.php:362
- CORE/src/Http/Runner.php:86
- CORE/src/Http/Middleware/CsrfProtectionMiddleware.php:169
- CORE/src/Http/Runner.php:82
- CORE/src/Http/Middleware/BodyParserMiddleware.php:157
- CORE/src/Http/Runner.php:82
- ROOT/vendor/cakephp/authentication/src/Middleware/AuthenticationMiddleware.php:106
- CORE/src/Http/Runner.php:82
- CORE/src/Routing/Middleware/RoutingMiddleware.php:118
- CORE/src/Http/Runner.php:82
- CORE/src/Routing/Middleware/AssetMiddleware.php:71
- CORE/src/Http/Runner.php:82
- CORE/src/Error/Middleware/ErrorHandlerMiddleware.php:115
- CORE/src/Http/Runner.php:82
- ROOT/vendor/cakephp/debug_kit/src/Middleware/DebugKitMiddleware.php:60
- CORE/src/Http/Runner.php:82
- CORE/src/Http/Runner.php:60
- CORE/src/Http/Server.php:98
- ROOT/webroot/index.php:37
- [main]:

Request URL: /users
Client IP: 172.25.0.215
2026-04-01 14:10:07 error: [Cake\Http\Exception\MissingControllerException] Controller class `User` could not be found. in /home/live/cakephp/entregablefinal/app_ef/vendor/cakephp/cakephp/src/Controller/ControllerFactory.php on line 335
Exception Attributes: array (
  'controller' => 'User',
  'plugin' => NULL,
  'prefix' => NULL,
  '_ext' => NULL,
)
Stack Trace:
- CORE/src/Controller/ControllerFactory.php:77
- CORE/src/Http/BaseApplication.php:360
- CORE/src/Http/Runner.php:86
- CORE/src/Http/Middleware/CsrfProtectionMiddleware.php:169
- CORE/src/Http/Runner.php:82
- CORE/src/Http/Middleware/BodyParserMiddleware.php:157
- CORE/src/Http/Runner.php:82
- ROOT/vendor/cakephp/authentication/src/Middleware/AuthenticationMiddleware.php:106
- CORE/src/Http/Runner.php:82
- CORE/src/Routing/Middleware/RoutingMiddleware.php:118
- CORE/src/Http/Runner.php:82
- CORE/src/Routing/Middleware/AssetMiddleware.php:71
- CORE/src/Http/Runner.php:82
- CORE/src/Error/Middleware/ErrorHandlerMiddleware.php:115
- CORE/src/Http/Runner.php:82
- ROOT/vendor/cakephp/debug_kit/src/Middleware/DebugKitMiddleware.php:60
- CORE/src/Http/Runner.php:82
- CORE/src/Http/Runner.php:60
- CORE/src/Http/Server.php:98
- ROOT/webroot/index.php:37
- [main]:

Request URL: /user
Client IP: 172.25.0.215
2026-04-01 14:14:01 error: [Authentication\Authenticator\UnauthenticatedException] Authentication is required to continue in /home/live/cakephp/entregablefinal/app_ef/vendor/cakephp/authentication/src/Controller/Component/AuthenticationComponent.php on line 189
Stack Trace:
- ROOT/vendor/cakephp/authentication/src/Controller/Component/AuthenticationComponent.php:132
- CORE/src/Event/EventManager.php:332
- CORE/src/Event/EventManager.php:316
- CORE/src/Event/EventDispatcherTrait.php:92
- CORE/src/Controller/Controller.php:607
- CORE/src/Controller/ControllerFactory.php:156
- CORE/src/Controller/ControllerFactory.php:141
- CORE/src/Http/BaseApplication.php:362
- CORE/src/Http/Runner.php:86
- CORE/src/Http/Middleware/CsrfProtectionMiddleware.php:169
- CORE/src/Http/Runner.php:82
- CORE/src/Http/Middleware/BodyParserMiddleware.php:157
- CORE/src/Http/Runner.php:82
- ROOT/vendor/cakephp/authentication/src/Middleware/AuthenticationMiddleware.php:106
- CORE/src/Http/Runner.php:82
- CORE/src/Routing/Middleware/RoutingMiddleware.php:118
- CORE/src/Http/Runner.php:82
- CORE/src/Routing/Middleware/AssetMiddleware.php:71
- CORE/src/Http/Runner.php:82
- CORE/src/Error/Middleware/ErrorHandlerMiddleware.php:115
- CORE/src/Http/Runner.php:82
- ROOT/vendor/cakephp/debug_kit/src/Middleware/DebugKitMiddleware.php:60
- CORE/src/Http/Runner.php:82
- CORE/src/Http/Runner.php:60
- CORE/src/Http/Server.php:98
- ROOT/webroot/index.php:37
- [main]:

Request URL: /users
Client IP: 172.25.0.186
2026-04-02 11:32:11 error: [Authentication\Authenticator\UnauthenticatedException] Authentication is required to continue in /home/live/cakephp/entregablefinal/app_ef/vendor/cakephp/authentication/src/Controller/Component/AuthenticationComponent.php on line 189
Stack Trace:
- ROOT/vendor/cakephp/authentication/src/Controller/Component/AuthenticationComponent.php:132
- CORE/src/Event/EventManager.php:332
- CORE/src/Event/EventManager.php:316
- CORE/src/Event/EventDispatcherTrait.php:92
- CORE/src/Controller/Controller.php:607
- CORE/src/Controller/ControllerFactory.php:156
- CORE/src/Controller/ControllerFactory.php:141
- CORE/src/Http/BaseApplication.php:362
- CORE/src/Http/Runner.php:86
- CORE/src/Http/Middleware/CsrfProtectionMiddleware.php:159
- CORE/src/Http/Runner.php:82
- CORE/src/Http/Middleware/BodyParserMiddleware.php:157
- CORE/src/Http/Runner.php:82
- ROOT/vendor/cakephp/authentication/src/Middleware/AuthenticationMiddleware.php:106
- CORE/src/Http/Runner.php:82
- CORE/src/Routing/Middleware/RoutingMiddleware.php:118
- CORE/src/Http/Runner.php:82
- CORE/src/Routing/Middleware/AssetMiddleware.php:71
- CORE/src/Http/Runner.php:82
- CORE/src/Error/Middleware/ErrorHandlerMiddleware.php:115
- CORE/src/Http/Runner.php:82
- ROOT/vendor/cakephp/debug_kit/src/Middleware/DebugKitMiddleware.php:60
- CORE/src/Http/Runner.php:82
- CORE/src/Http/Runner.php:60
- CORE/src/Http/Server.php:98
- ROOT/webroot/index.php:37
- [main]:

Request URL: /users
Client IP: 127.0.0.1
2026-04-02 11:39:19 error: [Authentication\Authenticator\UnauthenticatedException] Authentication is required to continue in /home/live/cakephp/entregablefinal/app_ef/vendor/cakephp/authentication/src/Controller/Component/AuthenticationComponent.php on line 189
Stack Trace:
- ROOT/vendor/cakephp/authentication/src/Controller/Component/AuthenticationComponent.php:132
- CORE/src/Event/EventManager.php:332
- CORE/src/Event/EventManager.php:316
- CORE/src/Event/EventDispatcherTrait.php:92
- CORE/src/Controller/Controller.php:607
- CORE/src/Controller/ControllerFactory.php:156
- CORE/src/Controller/ControllerFactory.php:141
- CORE/src/Http/BaseApplication.php:362
- CORE/src/Http/Runner.php:86
- CORE/src/Http/Middleware/CsrfProtectionMiddleware.php:169
- CORE/src/Http/Runner.php:82
- CORE/src/Http/Middleware/BodyParserMiddleware.php:157
- CORE/src/Http/Runner.php:82
- ROOT/vendor/cakephp/authentication/src/Middleware/AuthenticationMiddleware.php:106
- CORE/src/Http/Runner.php:82
- CORE/src/Routing/Middleware/RoutingMiddleware.php:118
- CORE/src/Http/Runner.php:82
- CORE/src/Routing/Middleware/AssetMiddleware.php:71
- CORE/src/Http/Runner.php:82
- CORE/src/Error/Middleware/ErrorHandlerMiddleware.php:115
- CORE/src/Http/Runner.php:82
- ROOT/vendor/cakephp/debug_kit/src/Middleware/DebugKitMiddleware.php:60
- CORE/src/Http/Runner.php:82
- CORE/src/Http/Runner.php:60
- CORE/src/Http/Server.php:98
- ROOT/webroot/index.php:37
- [main]:

Request URL: /users
Client IP: 172.25.0.254
2026-04-02 13:30:31 error: [Authentication\Authenticator\UnauthenticatedException] Authentication is required to continue in /home/live/cakephp/entregablefinal/app_ef/vendor/cakephp/authentication/src/Controller/Component/AuthenticationComponent.php on line 189
Stack Trace:
- ROOT/vendor/cakephp/authentication/src/Controller/Component/AuthenticationComponent.php:132
- CORE/src/Event/EventManager.php:332
- CORE/src/Event/EventManager.php:316
- CORE/src/Event/EventDispatcherTrait.php:92
- CORE/src/Controller/Controller.php:607
- CORE/src/Controller/ControllerFactory.php:156
- CORE/src/Controller/ControllerFactory.php:141
- CORE/src/Http/BaseApplication.php:362
- CORE/src/Http/Runner.php:86
- CORE/src/Http/Middleware/CsrfProtectionMiddleware.php:169
- CORE/src/Http/Runner.php:82
- CORE/src/Http/Middleware/BodyParserMiddleware.php:157
- CORE/src/Http/Runner.php:82
- ROOT/vendor/cakephp/authentication/src/Middleware/AuthenticationMiddleware.php:106
- CORE/src/Http/Runner.php:82
- CORE/src/Routing/Middleware/RoutingMiddleware.php:118
- CORE/src/Http/Runner.php:82
- CORE/src/Routing/Middleware/AssetMiddleware.php:71
- CORE/src/Http/Runner.php:82
- CORE/src/Error/Middleware/ErrorHandlerMiddleware.php:115
- CORE/src/Http/Runner.php:82
- ROOT/vendor/cakephp/debug_kit/src/Middleware/DebugKitMiddleware.php:60
- CORE/src/Http/Runner.php:82
- CORE/src/Http/Runner.php:60
- CORE/src/Http/Server.php:98
- ROOT/webroot/index.php:37
- [main]:

Request URL: /direcciones
Client IP: 127.0.0.1
2026-04-02 13:30:55 error: [Cake\Http\Exception\MissingControllerException] Controller class `Redirecciones` could not be found. in /home/live/cakephp/entregablefinal/app_ef/vendor/cakephp/cakephp/src/Controller/ControllerFactory.php on line 335
Exception Attributes: array (
  'controller' => 'Redirecciones',
  'plugin' => NULL,
  'prefix' => NULL,
  '_ext' => NULL,
)
Stack Trace:
- CORE/src/Controller/ControllerFactory.php:77
- CORE/src/Http/BaseApplication.php:360
- CORE/src/Http/Runner.php:86
- CORE/src/Http/Middleware/CsrfProtectionMiddleware.php:169
- CORE/src/Http/Runner.php:82
- CORE/src/Http/Middleware/BodyParserMiddleware.php:157
- CORE/src/Http/Runner.php:82
- ROOT/vendor/cakephp/authentication/src/Middleware/AuthenticationMiddleware.php:106
- CORE/src/Http/Runner.php:82
- CORE/src/Routing/Middleware/RoutingMiddleware.php:118
- CORE/src/Http/Runner.php:82
- CORE/src/Routing/Middleware/AssetMiddleware.php:71
- CORE/src/Http/Runner.php:82
- CORE/src/Error/Middleware/ErrorHandlerMiddleware.php:115
- CORE/src/Http/Runner.php:82
- ROOT/vendor/cakephp/debug_kit/src/Middleware/DebugKitMiddleware.php:60
- CORE/src/Http/Runner.php:82
- CORE/src/Http/Runner.php:60
- CORE/src/Http/Server.php:98
- ROOT/webroot/index.php:37
- [main]:

Request URL: /redirecciones
Client IP: 127.0.0.1
2026-04-02 14:05:35 error: [Authentication\Authenticator\UnauthenticatedException] Authentication is required to continue in /home/live/cakephp/entregablefinal/app_ef/vendor/cakephp/authentication/src/Controller/Component/AuthenticationComponent.php on line 189
Stack Trace:
- ROOT/vendor/cakephp/authentication/src/Controller/Component/AuthenticationComponent.php:132
- CORE/src/Event/EventManager.php:332
- CORE/src/Event/EventManager.php:316
- CORE/src/Event/EventDispatcherTrait.php:92
- CORE/src/Controller/Controller.php:607
- CORE/src/Controller/ControllerFactory.php:156
- CORE/src/Controller/ControllerFactory.php:141
- CORE/src/Http/BaseApplication.php:362
- CORE/src/Http/Runner.php:86
- CORE/src/Http/Middleware/CsrfProtectionMiddleware.php:169
- CORE/src/Http/Runner.php:82
- CORE/src/Http/Middleware/BodyParserMiddleware.php:157
- CORE/src/Http/Runner.php:82
- ROOT/vendor/cakephp/authentication/src/Middleware/AuthenticationMiddleware.php:106
- CORE/src/Http/Runner.php:82
- CORE/src/Routing/Middleware/RoutingMiddleware.php:118
- CORE/src/Http/Runner.php:82
- CORE/src/Routing/Middleware/AssetMiddleware.php:71
- CORE/src/Http/Runner.php:82
- CORE/src/Error/Middleware/ErrorHandlerMiddleware.php:115
- CORE/src/Http/Runner.php:82
- ROOT/vendor/cakephp/debug_kit/src/Middleware/DebugKitMiddleware.php:60
- CORE/src/Http/Runner.php:82
- CORE/src/Http/Runner.php:60
- CORE/src/Http/Server.php:98
- ROOT/webroot/index.php:37
- [main]:

Request URL: /users
Client IP: 127.0.0.1
2026-04-06 12:13:20 error: [Error] Using $this when not in object context in /home/live/cakephp/entregablefinal/app_ef/src/Controller/AppController.php on line 90
Stack Trace:
- ROOT/vendor/composer/ClassLoader.php:576
- ROOT/vendor/composer/ClassLoader.php:427
- APP/Controller/UsersController.php:8
- ROOT/vendor/composer/ClassLoader.php:576
- ROOT/vendor/composer/ClassLoader.php:427
- [internal]:??
- CORE/src/Core/App.php:162
- CORE/src/Core/App.php:69
- CORE/src/Controller/ControllerFactory.php:324
- CORE/src/Controller/ControllerFactory.php:75
- CORE/src/Http/BaseApplication.php:360
- CORE/src/Http/Runner.php:86
- CORE/src/Http/Middleware/CsrfProtectionMiddleware.php:169
- CORE/src/Http/Runner.php:82
- CORE/src/Http/Middleware/BodyParserMiddleware.php:157
- CORE/src/Http/Runner.php:82
- ROOT/vendor/cakephp/authentication/src/Middleware/AuthenticationMiddleware.php:106
- CORE/src/Http/Runner.php:82
- CORE/src/Routing/Middleware/RoutingMiddleware.php:118
- CORE/src/Http/Runner.php:82
- CORE/src/Routing/Middleware/AssetMiddleware.php:71
- CORE/src/Http/Runner.php:82
- CORE/src/Error/Middleware/ErrorHandlerMiddleware.php:115
- CORE/src/Http/Runner.php:82
- ROOT/vendor/cakephp/debug_kit/src/Middleware/DebugKitMiddleware.php:60
- CORE/src/Http/Runner.php:82
- CORE/src/Http/Runner.php:60
- CORE/src/Http/Server.php:98
- ROOT/webroot/index.php:37
- [main]:

Request URL: /users?lang=es&sort=apellido&direction=asc
Referer URL: http://localhost:8765/users?lang=es&sort=apellido&direction=desc
Client IP: 127.0.0.1
2026-04-06 12:14:15 error: [Error] Using $this when not in object context in /home/live/cakephp/entregablefinal/app_ef/src/Controller/AppController.php on line 90
Stack Trace:
- ROOT/vendor/composer/ClassLoader.php:576
- ROOT/vendor/composer/ClassLoader.php:427
- APP/Controller/UsersController.php:8
- ROOT/vendor/composer/ClassLoader.php:576
- ROOT/vendor/composer/ClassLoader.php:427
- [internal]:??
- CORE/src/Core/App.php:162
- CORE/src/Core/App.php:69
- CORE/src/Controller/ControllerFactory.php:324
- CORE/src/Controller/ControllerFactory.php:75
- CORE/src/Http/BaseApplication.php:360
- CORE/src/Http/Runner.php:86
- CORE/src/Http/Middleware/CsrfProtectionMiddleware.php:169
- CORE/src/Http/Runner.php:82
- CORE/src/Http/Middleware/BodyParserMiddleware.php:157
- CORE/src/Http/Runner.php:82
- ROOT/vendor/cakephp/authentication/src/Middleware/AuthenticationMiddleware.php:106
- CORE/src/Http/Runner.php:82
- CORE/src/Routing/Middleware/RoutingMiddleware.php:118
- CORE/src/Http/Runner.php:82
- CORE/src/Routing/Middleware/AssetMiddleware.php:71
- CORE/src/Http/Runner.php:82
- CORE/src/Error/Middleware/ErrorHandlerMiddleware.php:115
- CORE/src/Http/Runner.php:82
- ROOT/vendor/cakephp/debug_kit/src/Middleware/DebugKitMiddleware.php:60
- CORE/src/Http/Runner.php:82
- CORE/src/Http/Runner.php:60
- CORE/src/Http/Server.php:98
- ROOT/webroot/index.php:37
- [main]:

Request URL: /users?lang=es&sort=apellido&direction=asc
Referer URL: http://localhost:8765/users?lang=es&sort=apellido&direction=desc
Client IP: 127.0.0.1
2026-04-06 13:16:25 error: [Authentication\Authenticator\UnauthenticatedException] Authentication is required to continue in /home/live/cakephp/entregablefinal/app_ef/vendor/cakephp/authentication/src/Controller/Component/AuthenticationComponent.php on line 189
Stack Trace:
- ROOT/vendor/cakephp/authentication/src/Controller/Component/AuthenticationComponent.php:132
- CORE/src/Event/EventManager.php:332
- CORE/src/Event/EventManager.php:316
- CORE/src/Event/EventDispatcherTrait.php:92
- CORE/src/Controller/Controller.php:607
- CORE/src/Controller/ControllerFactory.php:156
- CORE/src/Controller/ControllerFactory.php:141
- CORE/src/Http/BaseApplication.php:362
- CORE/src/Http/Runner.php:86
- CORE/src/Http/Middleware/CsrfProtectionMiddleware.php:159
- CORE/src/Http/Runner.php:82
- CORE/src/Http/Middleware/BodyParserMiddleware.php:157
- CORE/src/Http/Runner.php:82
- ROOT/vendor/cakephp/authentication/src/Middleware/AuthenticationMiddleware.php:106
- CORE/src/Http/Runner.php:82
- CORE/src/Routing/Middleware/RoutingMiddleware.php:118
- CORE/src/Http/Runner.php:82
- CORE/src/Routing/Middleware/AssetMiddleware.php:71
- CORE/src/Http/Runner.php:82
- CORE/src/Error/Middleware/ErrorHandlerMiddleware.php:115
- CORE/src/Http/Runner.php:82
- ROOT/vendor/cakephp/debug_kit/src/Middleware/DebugKitMiddleware.php:60
- CORE/src/Http/Runner.php:82
- CORE/src/Http/Runner.php:60
- CORE/src/Http/Server.php:98
- ROOT/webroot/index.php:37
- [main]:

Request URL: /direcciones
Client IP: 127.0.0.1
